<?xml version="1.0" encoding="UTF-8"?>
<coverage generated="1538422867221" clover="3.2.0">
  <project timestamp="1538422867221" name="All files">
    <metrics statements="27" coveredstatements="27" conditionals="4" coveredconditionals="4" methods="8" coveredmethods="6" elements="39" coveredelements="37" complexity="0" loc="27" ncloc="27" packages="3" files="3" classes="3">
      <package name="source">
        <metrics statements="0" coveredstatements="0" conditionals="0" coveredconditionals="0" methods="0" coveredmethods="0"/>
        <file name="index.js" path="/Users/tandemseven/T7/t7-components/npm-example/source/index.js">
          <metrics statements="0" coveredstatements="0" conditionals="0" coveredconditionals="0" methods="0" coveredmethods="0"/>
        </file>
      </package>
      <package name="source.button_minus">
        <metrics statements="14" coveredstatements="14" conditionals="2" coveredconditionals="2" methods="4" coveredmethods="3"/>
        <file name="button_minus.js" path="/Users/tandemseven/T7/t7-components/npm-example/source/button_minus/button_minus.js">
          <metrics statements="14" coveredstatements="14" conditionals="2" coveredconditionals="2" methods="4" coveredmethods="3"/>
          <line num="11" count="3" type="stmt"/>
          <line num="14" count="3" type="stmt"/>
          <line num="20" count="2" type="stmt"/>
          <line num="23" count="2" type="stmt"/>
          <line num="24" count="2" type="stmt"/>
          <line num="28" count="2" type="cond" truecount="2" falsecount="0"/>
          <line num="29" count="1" type="stmt"/>
          <line num="33" count="2" type="stmt"/>
          <line num="39" count="3" type="stmt"/>
          <line num="42" count="3" type="stmt"/>
          <line num="47" count="3" type="stmt"/>
          <line num="55" count="3" type="stmt"/>
          <line num="64" count="3" type="stmt"/>
          <line num="72" count="3" type="stmt"/>
        </file>
      </package>
      <package name="source.button_plus">
        <metrics statements="13" coveredstatements="13" conditionals="2" coveredconditionals="2" methods="4" coveredmethods="3"/>
        <file name="button_plus.js" path="/Users/tandemseven/T7/t7-components/npm-example/source/button_plus/button_plus.js">
          <metrics statements="13" coveredstatements="13" conditionals="2" coveredconditionals="2" methods="4" coveredmethods="3"/>
          <line num="11" count="3" type="stmt"/>
          <line num="14" count="3" type="stmt"/>
          <line num="20" count="2" type="stmt"/>
          <line num="23" count="2" type="stmt"/>
          <line num="26" count="2" type="cond" truecount="2" falsecount="0"/>
          <line num="27" count="1" type="stmt"/>
          <line num="31" count="2" type="stmt"/>
          <line num="37" count="3" type="stmt"/>
          <line num="40" count="3" type="stmt"/>
          <line num="45" count="3" type="stmt"/>
          <line num="53" count="3" type="stmt"/>
          <line num="62" count="3" type="stmt"/>
          <line num="70" count="3" type="stmt"/>
        </file>
      </package>
    </metrics>
  </project>
</coverage>
