{"/Users/tandemseven/T7/t7-components/npm-example/source/index.js": {"path":"/Users/tandemseven/T7/t7-components/npm-example/source/index.js","statementMap":{},"fnMap":{},"branchMap":{},"s":{},"f":{},"b":{},"_coverageSchema":"332fd63041d2c1bcb487cc26dd0d5f7d97098a6c","hash":"1ebbff315438079bca464e174ce616176fa95933"}
,"/Users/tandemseven/T7/t7-components/npm-example/source/button_minus/button_minus.js": {"path":"/Users/tandemseven/T7/t7-components/npm-example/source/button_minus/button_minus.js","statementMap":{"0":{"start":{"line":11,"column":4},"end":{"line":11,"column":16}},"1":{"start":{"line":14,"column":4},"end":{"line":14,"column":14}},"2":{"start":{"line":20,"column":20},"end":{"line":20,"column":30}},"3":{"start":{"line":23,"column":4},"end":{"line":25,"column":18}},"4":{"start":{"line":24,"column":6},"end":{"line":24,"column":13}},"5":{"start":{"line":28,"column":4},"end":{"line":30,"column":5}},"6":{"start":{"line":29,"column":6},"end":{"line":29,"column":15}},"7":{"start":{"line":33,"column":4},"end":{"line":33,"column":33}},"8":{"start":{"line":39,"column":28},"end":{"line":39,"column":32}},"9":{"start":{"line":42,"column":18},"end":{"line":44,"column":5}},"10":{"start":{"line":47,"column":27},"end":{"line":52,"column":5}},"11":{"start":{"line":55,"column":4},"end":{"line":59,"column":5}},"12":{"start":{"line":64,"column":0},"end":{"line":69,"column":1}},"13":{"start":{"line":72,"column":0},"end":{"line":77,"column":1}}},"fnMap":{"0":{"name":"(anonymous_0)","decl":{"start":{"line":9,"column":2},"end":{"line":9,"column":3}},"loc":{"start":{"line":9,"column":22},"end":{"line":15,"column":3}},"line":9},"1":{"name":"(anonymous_1)","decl":{"start":{"line":18,"column":2},"end":{"line":18,"column":3}},"loc":{"start":{"line":18,"column":17},"end":{"line":34,"column":3}},"line":18},"2":{"name":"(anonymous_2)","decl":{"start":{"line":37,"column":2},"end":{"line":37,"column":3}},"loc":{"start":{"line":37,"column":12},"end":{"line":60,"column":3}},"line":37},"3":{"name":"(anonymous_3)","decl":{"start":{"line":76,"column":15},"end":{"line":76,"column":16}},"loc":{"start":{"line":76,"column":21},"end":{"line":76,"column":23}},"line":76}},"branchMap":{"0":{"loc":{"start":{"line":28,"column":4},"end":{"line":30,"column":5}},"type":"if","locations":[{"start":{"line":28,"column":4},"end":{"line":30,"column":5}},{"start":{"line":28,"column":4},"end":{"line":30,"column":5}}],"line":28}},"s":{"0":3,"1":3,"2":2,"3":2,"4":2,"5":2,"6":1,"7":2,"8":3,"9":3,"10":3,"11":3,"12":3,"13":3},"f":{"0":3,"1":2,"2":3,"3":0},"b":{"0":[1,1]},"_coverageSchema":"332fd63041d2c1bcb487cc26dd0d5f7d97098a6c","hash":"1dfbcce0f19b30a34047bf2cb493229bc11ab8d1"}
,"/Users/tandemseven/T7/t7-components/npm-example/source/button_plus/button_plus.js": {"path":"/Users/tandemseven/T7/t7-components/npm-example/source/button_plus/button_plus.js","statementMap":{"0":{"start":{"line":11,"column":4},"end":{"line":11,"column":16}},"1":{"start":{"line":14,"column":4},"end":{"line":14,"column":14}},"2":{"start":{"line":20,"column":20},"end":{"line":20,"column":30}},"3":{"start":{"line":23,"column":4},"end":{"line":23,"column":11}},"4":{"start":{"line":26,"column":4},"end":{"line":28,"column":5}},"5":{"start":{"line":27,"column":6},"end":{"line":27,"column":15}},"6":{"start":{"line":31,"column":4},"end":{"line":31,"column":33}},"7":{"start":{"line":37,"column":28},"end":{"line":37,"column":32}},"8":{"start":{"line":40,"column":18},"end":{"line":42,"column":5}},"9":{"start":{"line":45,"column":27},"end":{"line":50,"column":5}},"10":{"start":{"line":53,"column":4},"end":{"line":57,"column":5}},"11":{"start":{"line":62,"column":0},"end":{"line":67,"column":1}},"12":{"start":{"line":70,"column":0},"end":{"line":75,"column":1}}},"fnMap":{"0":{"name":"(anonymous_0)","decl":{"start":{"line":9,"column":2},"end":{"line":9,"column":3}},"loc":{"start":{"line":9,"column":22},"end":{"line":15,"column":3}},"line":9},"1":{"name":"(anonymous_1)","decl":{"start":{"line":18,"column":2},"end":{"line":18,"column":3}},"loc":{"start":{"line":18,"column":17},"end":{"line":32,"column":3}},"line":18},"2":{"name":"(anonymous_2)","decl":{"start":{"line":35,"column":2},"end":{"line":35,"column":3}},"loc":{"start":{"line":35,"column":12},"end":{"line":58,"column":3}},"line":35},"3":{"name":"(anonymous_3)","decl":{"start":{"line":74,"column":15},"end":{"line":74,"column":16}},"loc":{"start":{"line":74,"column":21},"end":{"line":74,"column":23}},"line":74}},"branchMap":{"0":{"loc":{"start":{"line":26,"column":4},"end":{"line":28,"column":5}},"type":"if","locations":[{"start":{"line":26,"column":4},"end":{"line":28,"column":5}},{"start":{"line":26,"column":4},"end":{"line":28,"column":5}}],"line":26}},"s":{"0":3,"1":3,"2":2,"3":2,"4":2,"5":1,"6":2,"7":3,"8":3,"9":3,"10":3,"11":3,"12":3},"f":{"0":3,"1":2,"2":3,"3":0},"b":{"0":[1,1]},"_coverageSchema":"332fd63041d2c1bcb487cc26dd0d5f7d97098a6c","hash":"d95f803518889b4d0cbafb222e7a13cff8beebd9"}
}
