TN:
SF:/Users/tandemseven/T7/t7-components/npm-example/source/index.js
FNF:0
FNH:0
LF:0
LH:0
BRF:0
BRH:0
end_of_record
TN:
SF:/Users/tandemseven/T7/t7-components/npm-example/source/button_minus/button_minus.js
FN:9,(anonymous_0)
FN:18,(anonymous_1)
FN:37,(anonymous_2)
FN:76,(anonymous_3)
FNF:4
FNH:3
FNDA:3,(anonymous_0)
FNDA:2,(anonymous_1)
FNDA:3,(anonymous_2)
FNDA:0,(anonymous_3)
DA:11,3
DA:14,3
DA:20,2
DA:23,2
DA:24,2
DA:28,2
DA:29,1
DA:33,2
DA:39,3
DA:42,3
DA:47,3
DA:55,3
DA:64,3
DA:72,3
LF:14
LH:14
BRDA:28,0,0,1
BRDA:28,0,1,1
BRF:2
BRH:2
end_of_record
TN:
SF:/Users/tandemseven/T7/t7-components/npm-example/source/button_plus/button_plus.js
FN:9,(anonymous_0)
FN:18,(anonymous_1)
FN:35,(anonymous_2)
FN:74,(anonymous_3)
FNF:4
FNH:3
FNDA:3,(anonymous_0)
FNDA:2,(anonymous_1)
FNDA:3,(anonymous_2)
FNDA:0,(anonymous_3)
DA:11,3
DA:14,3
DA:20,2
DA:23,2
DA:26,2
DA:27,1
DA:31,2
DA:37,3
DA:40,3
DA:45,3
DA:53,3
DA:62,3
DA:70,3
LF:13
LH:13
BRDA:26,0,0,1
BRDA:26,0,1,1
BRF:2
BRH:2
end_of_record
